
*** Running vivado
    with args -log top.vds -m64 -product Vivado -mode batch -messageDb vivado.pb -notrace -source top.tcl



****** Vivado v2022.2 (64-bit)
  **** SW Build 3671981 on Fri Oct 14 05:00:03 MDT 2022
  **** IP Build 3669848 on Fri Oct 14 08:30:02 MDT 2022
    ** Copyright 1986-2022 Xilinx, Inc. All Rights Reserved.

source top.tcl -notrace
Command: read_checkpoint -auto_incremental -incremental C:/Users/jayfe/Desktop/course/DTwo/CO/FeatherCPU/project_2/project_2.srcs/utils_1/imports/synth_1/top.dcp
INFO: [Vivado 12-5825] Read reference checkpoint from C:/Users/jayfe/Desktop/course/DTwo/CO/FeatherCPU/project_2/project_2.srcs/utils_1/imports/synth_1/top.dcp for incremental synthesis
INFO: [Vivado 12-7989] Please ensure there are no constraint changes
Command: synth_design -top top -part xc7a100tfgg484-1
Starting synth_design
Attempting to get a license for feature 'Synthesis' and/or device 'xc7a100t'
INFO: [Common 17-349] Got license for feature 'Synthesis' and/or device 'xc7a100t'
INFO: [Device 21-403] Loading part xc7a100tfgg484-1
INFO: [Designutils 20-5440] No compile time benefit to using incremental synthesis; A full resynthesis will be run
INFO: [Designutils 20-4379] Flow is switching to default flow due to incremental criteria not met. If you would like to alter this behaviour and have the flow terminate instead, please set the following parameter config_implementation {autoIncr.Synth.RejectBehavior Terminate}
INFO: [Synth 8-7079] Multithreading enabled for synth_design using a maximum of 2 processes.
INFO: [Synth 8-7078] Launching helper process for spawning children vivado processes
INFO: [Synth 8-7075] Helper process launched with PID 19988
INFO: [Synth 8-11241] undeclared symbol 'REGCCE', assumed default net type 'wire' [C:/Xilinx/Vivado/2022.2/data/verilog/src/unimacro/BRAM_SINGLE_MACRO.v:2170]
---------------------------------------------------------------------------------
Starting RTL Elaboration : Time (s): cpu = 00:00:03 ; elapsed = 00:00:05 . Memory (MB): peak = 1224.469 ; gain = 409.750
---------------------------------------------------------------------------------
INFO: [Synth 8-6157] synthesizing module 'top' [C:/Users/jayfe/Desktop/course/DTwo/CO/FeatherCPU/project_2/project_2.srcs/sources_1/new/top.v:23]
INFO: [Synth 8-6157] synthesizing module 'keyboard' [C:/Users/jayfe/Desktop/course/DTwo/CO/FeatherCPU/project_2/project_2.srcs/sources_1/new/keyboard.v:1]
INFO: [Synth 8-6155] done synthesizing module 'keyboard' (0#1) [C:/Users/jayfe/Desktop/course/DTwo/CO/FeatherCPU/project_2/project_2.srcs/sources_1/new/keyboard.v:1]
INFO: [Synth 8-6157] synthesizing module 'segtube' [C:/Users/jayfe/Desktop/course/DTwo/CO/FeatherCPU/project_2/project_2.srcs/sources_1/new/segtube.v:4]
INFO: [Synth 8-6155] done synthesizing module 'segtube' (0#1) [C:/Users/jayfe/Desktop/course/DTwo/CO/FeatherCPU/project_2/project_2.srcs/sources_1/new/segtube.v:4]
INFO: [Synth 8-6155] done synthesizing module 'top' (0#1) [C:/Users/jayfe/Desktop/course/DTwo/CO/FeatherCPU/project_2/project_2.srcs/sources_1/new/top.v:23]
WARNING: [Synth 8-6014] Unused sequential element tmp_reg was removed.  [C:/Users/jayfe/Desktop/course/DTwo/CO/FeatherCPU/project_2/project_2.srcs/sources_1/new/segtube.v:59]
WARNING: [Synth 8-3917] design top has port led[23] driven by constant 0
WARNING: [Synth 8-3917] design top has port led[22] driven by constant 0
WARNING: [Synth 8-3917] design top has port led[21] driven by constant 0
WARNING: [Synth 8-3917] design top has port led[20] driven by constant 0
WARNING: [Synth 8-3917] design top has port led[19] driven by constant 0
WARNING: [Synth 8-3917] design top has port led[18] driven by constant 0
WARNING: [Synth 8-3917] design top has port led[17] driven by constant 0
WARNING: [Synth 8-3917] design top has port led[16] driven by constant 0
WARNING: [Synth 8-3917] design top has port led[15] driven by constant 0
WARNING: [Synth 8-3917] design top has port led[14] driven by constant 0
WARNING: [Synth 8-3917] design top has port led[13] driven by constant 0
WARNING: [Synth 8-3917] design top has port led[12] driven by constant 0
WARNING: [Synth 8-3917] design top has port led[11] driven by constant 0
WARNING: [Synth 8-3917] design top has port led[10] driven by constant 0
WARNING: [Synth 8-3917] design top has port led[9] driven by constant 0
WARNING: [Synth 8-3917] design top has port led[8] driven by constant 0
WARNING: [Synth 8-3917] design top has port led[7] driven by constant 0
WARNING: [Synth 8-3917] design top has port led[6] driven by constant 0
WARNING: [Synth 8-3917] design top has port led[5] driven by constant 0
WARNING: [Synth 8-3917] design top has port led[4] driven by constant 0
---------------------------------------------------------------------------------
Finished RTL Elaboration : Time (s): cpu = 00:00:04 ; elapsed = 00:00:07 . Memory (MB): peak = 1314.391 ; gain = 499.672
---------------------------------------------------------------------------------
---------------------------------------------------------------------------------
Start Handling Custom Attributes
---------------------------------------------------------------------------------
---------------------------------------------------------------------------------
Finished Handling Custom Attributes : Time (s): cpu = 00:00:04 ; elapsed = 00:00:07 . Memory (MB): peak = 1314.391 ; gain = 499.672
---------------------------------------------------------------------------------
---------------------------------------------------------------------------------
Finished RTL Optimization Phase 1 : Time (s): cpu = 00:00:04 ; elapsed = 00:00:07 . Memory (MB): peak = 1314.391 ; gain = 499.672
---------------------------------------------------------------------------------
Netlist sorting complete. Time (s): cpu = 00:00:00 ; elapsed = 00:00:00.003 . Memory (MB): peak = 1314.391 ; gain = 0.000
INFO: [Project 1-570] Preparing netlist for logic optimization

Processing XDC Constraints
Initializing timing engine
Parsing XDC File [C:/Users/jayfe/Desktop/course/DTwo/CO/FeatherCPU/project_2/project_2.srcs/constrs_1/new/cons.xdc]
Finished Parsing XDC File [C:/Users/jayfe/Desktop/course/DTwo/CO/FeatherCPU/project_2/project_2.srcs/constrs_1/new/cons.xdc]
INFO: [Project 1-236] Implementation specific constraints were found while reading constraint file [C:/Users/jayfe/Desktop/course/DTwo/CO/FeatherCPU/project_2/project_2.srcs/constrs_1/new/cons.xdc]. These constraints will be ignored for synthesis but will be used in implementation. Impacted constraints are listed in the file [.Xil/top_propImpl.xdc].
Resolution: To avoid this warning, move constraints listed in [.Xil/top_propImpl.xdc] to another XDC file and exclude this new file from synthesis with the used_in_synthesis property (File Properties dialog in GUI) and re-run elaboration/synthesis.
Completed Processing XDC Constraints

Netlist sorting complete. Time (s): cpu = 00:00:00 ; elapsed = 00:00:00 . Memory (MB): peak = 1414.535 ; gain = 0.000
INFO: [Project 1-111] Unisim Transformation Summary:
No Unisim elements were transformed.

Constraint Validation Runtime : Time (s): cpu = 00:00:00 ; elapsed = 00:00:00.003 . Memory (MB): peak = 1414.535 ; gain = 0.000
INFO: [Designutils 20-5440] No compile time benefit to using incremental synthesis; A full resynthesis will be run
INFO: [Designutils 20-4379] Flow is switching to default flow due to incremental criteria not met. If you would like to alter this behaviour and have the flow terminate instead, please set the following parameter config_implementation {autoIncr.Synth.RejectBehavior Terminate}
INFO: [Synth 8-11241] undeclared symbol 'REGCCE', assumed default net type 'wire' [C:/Xilinx/Vivado/2022.2/data/verilog/src/unimacro/BRAM_SINGLE_MACRO.v:2170]
---------------------------------------------------------------------------------
Finished Constraint Validation : Time (s): cpu = 00:00:08 ; elapsed = 00:00:15 . Memory (MB): peak = 1414.535 ; gain = 599.816
---------------------------------------------------------------------------------
---------------------------------------------------------------------------------
Start Loading Part and Timing Information
---------------------------------------------------------------------------------
Loading part: xc7a100tfgg484-1
---------------------------------------------------------------------------------
Finished Loading Part and Timing Information : Time (s): cpu = 00:00:08 ; elapsed = 00:00:15 . Memory (MB): peak = 1414.535 ; gain = 599.816
---------------------------------------------------------------------------------
---------------------------------------------------------------------------------
Start Applying 'set_property' XDC Constraints
---------------------------------------------------------------------------------
---------------------------------------------------------------------------------
Finished applying 'set_property' XDC Constraints : Time (s): cpu = 00:00:08 ; elapsed = 00:00:15 . Memory (MB): peak = 1414.535 ; gain = 599.816
---------------------------------------------------------------------------------
---------------------------------------------------------------------------------
Finished RTL Optimization Phase 2 : Time (s): cpu = 00:00:08 ; elapsed = 00:00:15 . Memory (MB): peak = 1414.535 ; gain = 599.816
---------------------------------------------------------------------------------
---------------------------------------------------------------------------------
Start RTL Component Statistics 
---------------------------------------------------------------------------------
Detailed RTL Component Info : 
+---Adders : 
	   2 Input    3 Bit       Adders := 1     
+---XORs : 
	   2 Input      4 Bit         XORs := 1     
+---Registers : 
	                8 Bit    Registers := 3     
	                4 Bit    Registers := 1     
	                3 Bit    Registers := 1     
	                1 Bit    Registers := 1     
+---Muxes : 
	  17 Input    4 Bit        Muxes := 1     
	  17 Input    1 Bit        Muxes := 2     
	   2 Input    1 Bit        Muxes := 1     
---------------------------------------------------------------------------------
Finished RTL Component Statistics 
---------------------------------------------------------------------------------
---------------------------------------------------------------------------------
Start Part Resource Summary
---------------------------------------------------------------------------------
Part Resources:
DSPs: 240 (col length:80)
BRAMs: 270 (col length: RAMB18 80 RAMB36 40)
---------------------------------------------------------------------------------
Finished Part Resource Summary
---------------------------------------------------------------------------------
---------------------------------------------------------------------------------
Start Cross Boundary and Area Optimization
---------------------------------------------------------------------------------
WARNING: [Synth 8-7080] Parallel synthesis criteria is not met
WARNING: [Synth 8-3917] design top has port led[23] driven by constant 0
WARNING: [Synth 8-3917] design top has port led[22] driven by constant 0
WARNING: [Synth 8-3917] design top has port led[21] driven by constant 0
WARNING: [Synth 8-3917] design top has port led[20] driven by constant 0
WARNING: [Synth 8-3917] design top has port led[19] driven by constant 0
WARNING: [Synth 8-3917] design top has port led[18] driven by constant 0
WARNING: [Synth 8-3917] design top has port led[17] driven by constant 0
WARNING: [Synth 8-3917] design top has port led[16] driven by constant 0
WARNING: [Synth 8-3917] design top has port led[15] driven by constant 0
WARNING: [Synth 8-3917] design top has port led[14] driven by constant 0
WARNING: [Synth 8-3917] design top has port led[13] driven by constant 0
WARNING: [Synth 8-3917] design top has port led[12] driven by constant 0
WARNING: [Synth 8-3917] design top has port led[11] driven by constant 0
WARNING: [Synth 8-3917] design top has port led[10] driven by constant 0
WARNING: [Synth 8-3917] design top has port led[9] driven by constant 0
WARNING: [Synth 8-3917] design top has port led[8] driven by constant 0
WARNING: [Synth 8-3917] design top has port led[7] driven by constant 0
WARNING: [Synth 8-3917] design top has port led[6] driven by constant 0
WARNING: [Synth 8-3917] design top has port led[5] driven by constant 0
WARNING: [Synth 8-3917] design top has port led[4] driven by constant 0
---------------------------------------------------------------------------------
Finished Cross Boundary and Area Optimization : Time (s): cpu = 00:00:10 ; elapsed = 00:00:18 . Memory (MB): peak = 1414.535 ; gain = 599.816
---------------------------------------------------------------------------------
---------------------------------------------------------------------------------
Start Applying XDC Timing Constraints
---------------------------------------------------------------------------------
---------------------------------------------------------------------------------
Finished Applying XDC Timing Constraints : Time (s): cpu = 00:00:13 ; elapsed = 00:00:23 . Memory (MB): peak = 1414.535 ; gain = 599.816
---------------------------------------------------------------------------------
---------------------------------------------------------------------------------
Start Timing Optimization
---------------------------------------------------------------------------------
---------------------------------------------------------------------------------
Finished Timing Optimization : Time (s): cpu = 00:00:13 ; elapsed = 00:00:23 . Memory (MB): peak = 1414.535 ; gain = 599.816
---------------------------------------------------------------------------------
---------------------------------------------------------------------------------
Start Technology Mapping
---------------------------------------------------------------------------------
---------------------------------------------------------------------------------
Finished Technology Mapping : Time (s): cpu = 00:00:13 ; elapsed = 00:00:24 . Memory (MB): peak = 1414.535 ; gain = 599.816
---------------------------------------------------------------------------------
---------------------------------------------------------------------------------
Start IO Insertion
---------------------------------------------------------------------------------
---------------------------------------------------------------------------------
Start Flattening Before IO Insertion
---------------------------------------------------------------------------------
---------------------------------------------------------------------------------
Finished Flattening Before IO Insertion
---------------------------------------------------------------------------------
---------------------------------------------------------------------------------
Start Final Netlist Cleanup
---------------------------------------------------------------------------------
---------------------------------------------------------------------------------
Finished Final Netlist Cleanup
---------------------------------------------------------------------------------
---------------------------------------------------------------------------------
Finished IO Insertion : Time (s): cpu = 00:00:15 ; elapsed = 00:00:28 . Memory (MB): peak = 1414.535 ; gain = 599.816
---------------------------------------------------------------------------------
---------------------------------------------------------------------------------
Start Renaming Generated Instances
---------------------------------------------------------------------------------
---------------------------------------------------------------------------------
Finished Renaming Generated Instances : Time (s): cpu = 00:00:15 ; elapsed = 00:00:28 . Memory (MB): peak = 1414.535 ; gain = 599.816
---------------------------------------------------------------------------------
---------------------------------------------------------------------------------
Start Rebuilding User Hierarchy
---------------------------------------------------------------------------------
---------------------------------------------------------------------------------
Finished Rebuilding User Hierarchy : Time (s): cpu = 00:00:15 ; elapsed = 00:00:28 . Memory (MB): peak = 1414.535 ; gain = 599.816
---------------------------------------------------------------------------------
---------------------------------------------------------------------------------
Start Renaming Generated Ports
---------------------------------------------------------------------------------
---------------------------------------------------------------------------------
Finished Renaming Generated Ports : Time (s): cpu = 00:00:15 ; elapsed = 00:00:28 . Memory (MB): peak = 1414.535 ; gain = 599.816
---------------------------------------------------------------------------------
---------------------------------------------------------------------------------
Start Handling Custom Attributes
---------------------------------------------------------------------------------
---------------------------------------------------------------------------------
Finished Handling Custom Attributes : Time (s): cpu = 00:00:15 ; elapsed = 00:00:28 . Memory (MB): peak = 1414.535 ; gain = 599.816
---------------------------------------------------------------------------------
---------------------------------------------------------------------------------
Start Renaming Generated Nets
---------------------------------------------------------------------------------
---------------------------------------------------------------------------------
Finished Renaming Generated Nets : Time (s): cpu = 00:00:15 ; elapsed = 00:00:28 . Memory (MB): peak = 1414.535 ; gain = 599.816
---------------------------------------------------------------------------------
---------------------------------------------------------------------------------
Start Writing Synthesis Report
---------------------------------------------------------------------------------

Report BlackBoxes: 
+-+--------------+----------+
| |BlackBox name |Instances |
+-+--------------+----------+
+-+--------------+----------+

Report Cell Usage: 
+------+-------+------+
|      |Cell   |Count |
+------+-------+------+
|1     |BUFG   |     1|
|2     |CARRY4 |    11|
|3     |LUT1   |     3|
|4     |LUT2   |     5|
|5     |LUT3   |     1|
|6     |LUT4   |    10|
|7     |LUT5   |     9|
|8     |LUT6   |     4|
|9     |MUXF7  |     4|
|10    |FDRE   |    62|
|11    |FDSE   |     7|
|12    |IBUF   |    30|
|13    |OBUF   |    44|
+------+-------+------+
---------------------------------------------------------------------------------
Finished Writing Synthesis Report : Time (s): cpu = 00:00:15 ; elapsed = 00:00:28 . Memory (MB): peak = 1414.535 ; gain = 599.816
---------------------------------------------------------------------------------
Synthesis finished with 0 errors, 0 critical warnings and 21 warnings.
Synthesis Optimization Runtime : Time (s): cpu = 00:00:10 ; elapsed = 00:00:27 . Memory (MB): peak = 1414.535 ; gain = 499.672
Synthesis Optimization Complete : Time (s): cpu = 00:00:15 ; elapsed = 00:00:28 . Memory (MB): peak = 1414.535 ; gain = 599.816
INFO: [Project 1-571] Translating synthesized netlist
Netlist sorting complete. Time (s): cpu = 00:00:00 ; elapsed = 00:00:00.002 . Memory (MB): peak = 1414.535 ; gain = 0.000
INFO: [Netlist 29-17] Analyzing 15 Unisim elements for replacement
INFO: [Netlist 29-28] Unisim Transformation completed in 0 CPU seconds
INFO: [Project 1-570] Preparing netlist for logic optimization
INFO: [Opt 31-138] Pushed 0 inverter(s) to 0 load pin(s).
Netlist sorting complete. Time (s): cpu = 00:00:00 ; elapsed = 00:00:00 . Memory (MB): peak = 1414.535 ; gain = 0.000
INFO: [Project 1-111] Unisim Transformation Summary:
No Unisim elements were transformed.

Synth Design complete, checksum: d537b398
INFO: [Common 17-83] Releasing license: Synthesis
29 Infos, 42 Warnings, 0 Critical Warnings and 0 Errors encountered.
synth_design completed successfully
synth_design: Time (s): cpu = 00:00:18 ; elapsed = 00:00:34 . Memory (MB): peak = 1414.535 ; gain = 995.727
INFO: [Common 17-1381] The checkpoint 'C:/Users/jayfe/Desktop/course/DTwo/CO/FeatherCPU/project_2/project_2.runs/synth_1/top.dcp' has been generated.
INFO: [runtcl-4] Executing : report_utilization -file top_utilization_synth.rpt -pb top_utilization_synth.pb
INFO: [Common 17-206] Exiting Vivado at Mon May 22 15:16:36 2023...

*** Running vivado
    with args -log top.vds -m64 -product Vivado -mode batch -messageDb vivado.pb -notrace -source top.tcl



****** Vivado v2022.2 (64-bit)
  **** SW Build 3671981 on Fri Oct 14 05:00:03 MDT 2022
  **** IP Build 3669848 on Fri Oct 14 08:30:02 MDT 2022
    ** Copyright 1986-2022 Xilinx, Inc. All Rights Reserved.

source top.tcl -notrace
Command: read_checkpoint -auto_incremental -incremental C:/Users/jayfe/Desktop/course/DTwo/CO/FeatherCPU/project_2/project_2.srcs/utils_1/imports/synth_1/top.dcp
INFO: [Vivado 12-5825] Read reference checkpoint from C:/Users/jayfe/Desktop/course/DTwo/CO/FeatherCPU/project_2/project_2.srcs/utils_1/imports/synth_1/top.dcp for incremental synthesis
INFO: [Vivado 12-7989] Please ensure there are no constraint changes
Command: synth_design -top top -part xc7a100tfgg484-1
Starting synth_design
Attempting to get a license for feature 'Synthesis' and/or device 'xc7a100t'
INFO: [Common 17-349] Got license for feature 'Synthesis' and/or device 'xc7a100t'
INFO: [Device 21-403] Loading part xc7a100tfgg484-1
INFO: [Designutils 20-5440] No compile time benefit to using incremental synthesis; A full resynthesis will be run
INFO: [Designutils 20-4379] Flow is switching to default flow due to incremental criteria not met. If you would like to alter this behaviour and have the flow terminate instead, please set the following parameter config_implementation {autoIncr.Synth.RejectBehavior Terminate}
INFO: [Synth 8-7079] Multithreading enabled for synth_design using a maximum of 2 processes.
INFO: [Synth 8-7078] Launching helper process for spawning children vivado processes
INFO: [Synth 8-7075] Helper process launched with PID 25688
INFO: [Synth 8-11241] undeclared symbol 'REGCCE', assumed default net type 'wire' [C:/Xilinx/Vivado/2022.2/data/verilog/src/unimacro/BRAM_SINGLE_MACRO.v:2170]
---------------------------------------------------------------------------------
Starting RTL Elaboration : Time (s): cpu = 00:00:03 ; elapsed = 00:00:05 . Memory (MB): peak = 1224.168 ; gain = 410.715
---------------------------------------------------------------------------------
INFO: [Synth 8-6157] synthesizing module 'top' [C:/Users/jayfe/Desktop/course/DTwo/CO/FeatherCPU/project_2/project_2.srcs/sources_1/new/top.v:23]
INFO: [Synth 8-6157] synthesizing module 'keyboard' [C:/Users/jayfe/Desktop/course/DTwo/CO/FeatherCPU/project_2/project_2.srcs/sources_1/new/keyboard.v:1]
INFO: [Synth 8-6155] done synthesizing module 'keyboard' (0#1) [C:/Users/jayfe/Desktop/course/DTwo/CO/FeatherCPU/project_2/project_2.srcs/sources_1/new/keyboard.v:1]
INFO: [Synth 8-6157] synthesizing module 'segtube' [C:/Users/jayfe/Desktop/course/DTwo/CO/FeatherCPU/project_2/project_2.srcs/sources_1/new/segtube.v:4]
INFO: [Synth 8-6155] done synthesizing module 'segtube' (0#1) [C:/Users/jayfe/Desktop/course/DTwo/CO/FeatherCPU/project_2/project_2.srcs/sources_1/new/segtube.v:4]
INFO: [Synth 8-6155] done synthesizing module 'top' (0#1) [C:/Users/jayfe/Desktop/course/DTwo/CO/FeatherCPU/project_2/project_2.srcs/sources_1/new/top.v:23]
WARNING: [Synth 8-6014] Unused sequential element tmp_reg was removed.  [C:/Users/jayfe/Desktop/course/DTwo/CO/FeatherCPU/project_2/project_2.srcs/sources_1/new/segtube.v:59]
WARNING: [Synth 8-3917] design top has port led[23] driven by constant 0
WARNING: [Synth 8-3917] design top has port led[22] driven by constant 0
WARNING: [Synth 8-3917] design top has port led[21] driven by constant 0
WARNING: [Synth 8-3917] design top has port led[20] driven by constant 0
WARNING: [Synth 8-3917] design top has port led[19] driven by constant 0
WARNING: [Synth 8-3917] design top has port led[18] driven by constant 0
WARNING: [Synth 8-3917] design top has port led[17] driven by constant 0
WARNING: [Synth 8-3917] design top has port led[16] driven by constant 0
WARNING: [Synth 8-3917] design top has port led[15] driven by constant 0
WARNING: [Synth 8-3917] design top has port led[14] driven by constant 0
WARNING: [Synth 8-3917] design top has port led[13] driven by constant 0
WARNING: [Synth 8-3917] design top has port led[12] driven by constant 0
WARNING: [Synth 8-3917] design top has port led[11] driven by constant 0
WARNING: [Synth 8-3917] design top has port led[10] driven by constant 0
WARNING: [Synth 8-3917] design top has port led[9] driven by constant 0
WARNING: [Synth 8-3917] design top has port led[8] driven by constant 0
WARNING: [Synth 8-3917] design top has port led[7] driven by constant 0
WARNING: [Synth 8-3917] design top has port led[6] driven by constant 0
WARNING: [Synth 8-3917] design top has port led[5] driven by constant 0
WARNING: [Synth 8-3917] design top has port led[4] driven by constant 0
---------------------------------------------------------------------------------
Finished RTL Elaboration : Time (s): cpu = 00:00:04 ; elapsed = 00:00:07 . Memory (MB): peak = 1313.922 ; gain = 500.469
---------------------------------------------------------------------------------
---------------------------------------------------------------------------------
Start Handling Custom Attributes
---------------------------------------------------------------------------------
---------------------------------------------------------------------------------
Finished Handling Custom Attributes : Time (s): cpu = 00:00:04 ; elapsed = 00:00:07 . Memory (MB): peak = 1313.922 ; gain = 500.469
---------------------------------------------------------------------------------
---------------------------------------------------------------------------------
Finished RTL Optimization Phase 1 : Time (s): cpu = 00:00:04 ; elapsed = 00:00:07 . Memory (MB): peak = 1313.922 ; gain = 500.469
---------------------------------------------------------------------------------
Netlist sorting complete. Time (s): cpu = 00:00:00 ; elapsed = 00:00:00.001 . Memory (MB): peak = 1313.922 ; gain = 0.000
INFO: [Project 1-570] Preparing netlist for logic optimization

Processing XDC Constraints
Initializing timing engine
Parsing XDC File [C:/Users/jayfe/Desktop/course/DTwo/CO/FeatherCPU/project_2/project_2.srcs/constrs_1/new/cons.xdc]
Finished Parsing XDC File [C:/Users/jayfe/Desktop/course/DTwo/CO/FeatherCPU/project_2/project_2.srcs/constrs_1/new/cons.xdc]
INFO: [Project 1-236] Implementation specific constraints were found while reading constraint file [C:/Users/jayfe/Desktop/course/DTwo/CO/FeatherCPU/project_2/project_2.srcs/constrs_1/new/cons.xdc]. These constraints will be ignored for synthesis but will be used in implementation. Impacted constraints are listed in the file [.Xil/top_propImpl.xdc].
Resolution: To avoid this warning, move constraints listed in [.Xil/top_propImpl.xdc] to another XDC file and exclude this new file from synthesis with the used_in_synthesis property (File Properties dialog in GUI) and re-run elaboration/synthesis.
Completed Processing XDC Constraints

Netlist sorting complete. Time (s): cpu = 00:00:00 ; elapsed = 00:00:00 . Memory (MB): peak = 1415.395 ; gain = 0.000
INFO: [Project 1-111] Unisim Transformation Summary:
No Unisim elements were transformed.

Constraint Validation Runtime : Time (s): cpu = 00:00:00 ; elapsed = 00:00:00.002 . Memory (MB): peak = 1415.395 ; gain = 0.000
INFO: [Designutils 20-5440] No compile time benefit to using incremental synthesis; A full resynthesis will be run
INFO: [Designutils 20-4379] Flow is switching to default flow due to incremental criteria not met. If you would like to alter this behaviour and have the flow terminate instead, please set the following parameter config_implementation {autoIncr.Synth.RejectBehavior Terminate}
INFO: [Synth 8-11241] undeclared symbol 'REGCCE', assumed default net type 'wire' [C:/Xilinx/Vivado/2022.2/data/verilog/src/unimacro/BRAM_SINGLE_MACRO.v:2170]
---------------------------------------------------------------------------------
Finished Constraint Validation : Time (s): cpu = 00:00:09 ; elapsed = 00:00:15 . Memory (MB): peak = 1415.395 ; gain = 601.941
---------------------------------------------------------------------------------
---------------------------------------------------------------------------------
Start Loading Part and Timing Information
---------------------------------------------------------------------------------
Loading part: xc7a100tfgg484-1
---------------------------------------------------------------------------------
Finished Loading Part and Timing Information : Time (s): cpu = 00:00:09 ; elapsed = 00:00:15 . Memory (MB): peak = 1415.395 ; gain = 601.941
---------------------------------------------------------------------------------
---------------------------------------------------------------------------------
Start Applying 'set_property' XDC Constraints
---------------------------------------------------------------------------------
---------------------------------------------------------------------------------
Finished applying 'set_property' XDC Constraints : Time (s): cpu = 00:00:09 ; elapsed = 00:00:15 . Memory (MB): peak = 1415.395 ; gain = 601.941
---------------------------------------------------------------------------------
---------------------------------------------------------------------------------
Finished RTL Optimization Phase 2 : Time (s): cpu = 00:00:09 ; elapsed = 00:00:15 . Memory (MB): peak = 1415.395 ; gain = 601.941
---------------------------------------------------------------------------------
---------------------------------------------------------------------------------
Start RTL Component Statistics 
---------------------------------------------------------------------------------
Detailed RTL Component Info : 
+---Adders : 
	   2 Input    3 Bit       Adders := 1     
+---XORs : 
	   2 Input      4 Bit         XORs := 1     
+---Registers : 
	                8 Bit    Registers := 3     
	                4 Bit    Registers := 1     
	                3 Bit    Registers := 1     
	                1 Bit    Registers := 1     
+---Muxes : 
	  17 Input    4 Bit        Muxes := 1     
	  17 Input    1 Bit        Muxes := 2     
	   2 Input    1 Bit        Muxes := 1     
---------------------------------------------------------------------------------
Finished RTL Component Statistics 
---------------------------------------------------------------------------------
---------------------------------------------------------------------------------
Start Part Resource Summary
---------------------------------------------------------------------------------
Part Resources:
DSPs: 240 (col length:80)
BRAMs: 270 (col length: RAMB18 80 RAMB36 40)
---------------------------------------------------------------------------------
Finished Part Resource Summary
---------------------------------------------------------------------------------
---------------------------------------------------------------------------------
Start Cross Boundary and Area Optimization
---------------------------------------------------------------------------------
WARNING: [Synth 8-7080] Parallel synthesis criteria is not met
WARNING: [Synth 8-3917] design top has port led[23] driven by constant 0
WARNING: [Synth 8-3917] design top has port led[22] driven by constant 0
WARNING: [Synth 8-3917] design top has port led[21] driven by constant 0
WARNING: [Synth 8-3917] design top has port led[20] driven by constant 0
WARNING: [Synth 8-3917] design top has port led[19] driven by constant 0
WARNING: [Synth 8-3917] design top has port led[18] driven by constant 0
WARNING: [Synth 8-3917] design top has port led[17] driven by constant 0
WARNING: [Synth 8-3917] design top has port led[16] driven by constant 0
WARNING: [Synth 8-3917] design top has port led[15] driven by constant 0
WARNING: [Synth 8-3917] design top has port led[14] driven by constant 0
WARNING: [Synth 8-3917] design top has port led[13] driven by constant 0
WARNING: [Synth 8-3917] design top has port led[12] driven by constant 0
WARNING: [Synth 8-3917] design top has port led[11] driven by constant 0
WARNING: [Synth 8-3917] design top has port led[10] driven by constant 0
WARNING: [Synth 8-3917] design top has port led[9] driven by constant 0
WARNING: [Synth 8-3917] design top has port led[8] driven by constant 0
WARNING: [Synth 8-3917] design top has port led[7] driven by constant 0
WARNING: [Synth 8-3917] design top has port led[6] driven by constant 0
WARNING: [Synth 8-3917] design top has port led[5] driven by constant 0
WARNING: [Synth 8-3917] design top has port led[4] driven by constant 0
---------------------------------------------------------------------------------
Finished Cross Boundary and Area Optimization : Time (s): cpu = 00:00:10 ; elapsed = 00:00:17 . Memory (MB): peak = 1415.395 ; gain = 601.941
---------------------------------------------------------------------------------
---------------------------------------------------------------------------------
Start Applying XDC Timing Constraints
---------------------------------------------------------------------------------
---------------------------------------------------------------------------------
Finished Applying XDC Timing Constraints : Time (s): cpu = 00:00:14 ; elapsed = 00:00:23 . Memory (MB): peak = 1415.395 ; gain = 601.941
---------------------------------------------------------------------------------
---------------------------------------------------------------------------------
Start Timing Optimization
---------------------------------------------------------------------------------
---------------------------------------------------------------------------------
Finished Timing Optimization : Time (s): cpu = 00:00:14 ; elapsed = 00:00:23 . Memory (MB): peak = 1415.395 ; gain = 601.941
---------------------------------------------------------------------------------
---------------------------------------------------------------------------------
Start Technology Mapping
---------------------------------------------------------------------------------
---------------------------------------------------------------------------------
Finished Technology Mapping : Time (s): cpu = 00:00:14 ; elapsed = 00:00:23 . Memory (MB): peak = 1415.395 ; gain = 601.941
---------------------------------------------------------------------------------
---------------------------------------------------------------------------------
Start IO Insertion
---------------------------------------------------------------------------------
---------------------------------------------------------------------------------
Start Flattening Before IO Insertion
---------------------------------------------------------------------------------
---------------------------------------------------------------------------------
Finished Flattening Before IO Insertion
---------------------------------------------------------------------------------
---------------------------------------------------------------------------------
Start Final Netlist Cleanup
---------------------------------------------------------------------------------
---------------------------------------------------------------------------------
Finished Final Netlist Cleanup
---------------------------------------------------------------------------------
---------------------------------------------------------------------------------
Finished IO Insertion : Time (s): cpu = 00:00:17 ; elapsed = 00:00:27 . Memory (MB): peak = 1415.395 ; gain = 601.941
---------------------------------------------------------------------------------
---------------------------------------------------------------------------------
Start Renaming Generated Instances
---------------------------------------------------------------------------------
---------------------------------------------------------------------------------
Finished Renaming Generated Instances : Time (s): cpu = 00:00:17 ; elapsed = 00:00:27 . Memory (MB): peak = 1415.395 ; gain = 601.941
---------------------------------------------------------------------------------
---------------------------------------------------------------------------------
Start Rebuilding User Hierarchy
---------------------------------------------------------------------------------
---------------------------------------------------------------------------------
Finished Rebuilding User Hierarchy : Time (s): cpu = 00:00:17 ; elapsed = 00:00:27 . Memory (MB): peak = 1415.395 ; gain = 601.941
---------------------------------------------------------------------------------
---------------------------------------------------------------------------------
Start Renaming Generated Ports
---------------------------------------------------------------------------------
---------------------------------------------------------------------------------
Finished Renaming Generated Ports : Time (s): cpu = 00:00:17 ; elapsed = 00:00:27 . Memory (MB): peak = 1415.395 ; gain = 601.941
---------------------------------------------------------------------------------
---------------------------------------------------------------------------------
Start Handling Custom Attributes
---------------------------------------------------------------------------------
---------------------------------------------------------------------------------
Finished Handling Custom Attributes : Time (s): cpu = 00:00:17 ; elapsed = 00:00:27 . Memory (MB): peak = 1415.395 ; gain = 601.941
---------------------------------------------------------------------------------
---------------------------------------------------------------------------------
Start Renaming Generated Nets
---------------------------------------------------------------------------------
---------------------------------------------------------------------------------
Finished Renaming Generated Nets : Time (s): cpu = 00:00:17 ; elapsed = 00:00:27 . Memory (MB): peak = 1415.395 ; gain = 601.941
---------------------------------------------------------------------------------
---------------------------------------------------------------------------------
Start Writing Synthesis Report
---------------------------------------------------------------------------------

Report BlackBoxes: 
+-+--------------+----------+
| |BlackBox name |Instances |
+-+--------------+----------+
+-+--------------+----------+

Report Cell Usage: 
+------+-------+------+
|      |Cell   |Count |
+------+-------+------+
|1     |BUFG   |     1|
|2     |CARRY4 |    11|
|3     |LUT1   |     3|
|4     |LUT2   |     5|
|5     |LUT3   |     1|
|6     |LUT4   |     9|
|7     |LUT5   |     9|
|8     |LUT6   |     5|
|9     |MUXF7  |     4|
|10    |FDRE   |    62|
|11    |FDSE   |     7|
|12    |IBUF   |    30|
|13    |OBUF   |    44|
+------+-------+------+
---------------------------------------------------------------------------------
Finished Writing Synthesis Report : Time (s): cpu = 00:00:17 ; elapsed = 00:00:27 . Memory (MB): peak = 1415.395 ; gain = 601.941
---------------------------------------------------------------------------------
Synthesis finished with 0 errors, 0 critical warnings and 21 warnings.
Synthesis Optimization Runtime : Time (s): cpu = 00:00:12 ; elapsed = 00:00:26 . Memory (MB): peak = 1415.395 ; gain = 500.469
Synthesis Optimization Complete : Time (s): cpu = 00:00:17 ; elapsed = 00:00:27 . Memory (MB): peak = 1415.395 ; gain = 601.941
INFO: [Project 1-571] Translating synthesized netlist
Netlist sorting complete. Time (s): cpu = 00:00:00 ; elapsed = 00:00:00.002 . Memory (MB): peak = 1415.395 ; gain = 0.000
INFO: [Netlist 29-17] Analyzing 15 Unisim elements for replacement
INFO: [Netlist 29-28] Unisim Transformation completed in 0 CPU seconds
INFO: [Project 1-570] Preparing netlist for logic optimization
INFO: [Opt 31-138] Pushed 0 inverter(s) to 0 load pin(s).
Netlist sorting complete. Time (s): cpu = 00:00:00 ; elapsed = 00:00:00 . Memory (MB): peak = 1415.395 ; gain = 0.000
INFO: [Project 1-111] Unisim Transformation Summary:
No Unisim elements were transformed.

Synth Design complete, checksum: 8a68d37d
INFO: [Common 17-83] Releasing license: Synthesis
29 Infos, 42 Warnings, 0 Critical Warnings and 0 Errors encountered.
synth_design completed successfully
synth_design: Time (s): cpu = 00:00:19 ; elapsed = 00:00:33 . Memory (MB): peak = 1415.395 ; gain = 996.215
INFO: [Common 17-1381] The checkpoint 'C:/Users/jayfe/Desktop/course/DTwo/CO/FeatherCPU/project_2/project_2.runs/synth_1/top.dcp' has been generated.
INFO: [runtcl-4] Executing : report_utilization -file top_utilization_synth.rpt -pb top_utilization_synth.pb
INFO: [Common 17-206] Exiting Vivado at Mon May 22 15:17:32 2023...
